<?xml version="1.0" encoding="UTF-8"?>
<!-- Generated by org.testng.reporters.JUnitReportReporter -->
<testsuite hostname="DESKTOP-9CESD09" name="AcademyE2E.HomePage" tests="2" failures="0" timestamp="5 Feb 2021 16:24:21 GMT" time="16.599" errors="0">
  <testcase name="HomePageNavigation" time="12.800" classname="AcademyE2E.HomePage"/>
  <testcase name="HomePageNavigation" time="3.799" classname="AcademyE2E.HomePage"/>
</testsuite> <!-- AcademyE2E.HomePage -->
