<?xml version="1.0" encoding="UTF-8"?>
<!-- Generated by org.testng.reporters.JUnitReportReporter -->
<testsuite hostname="DESKTOP-9CESD09" name="AcademyE2E.DatabaseConnect" tests="1" failures="0" timestamp="9 Feb 2021 19:08:21 GMT" time="0.064" errors="0">
  <testcase name="test" time="0.064" classname="AcademyE2E.DatabaseConnect"/>
</testsuite> <!-- AcademyE2E.DatabaseConnect -->
