<?xml version="1.0" encoding="UTF-8"?>
<!-- Generated by org.testng.reporters.JUnitReportReporter -->
<testsuite hostname="DESKTOP-9CESD09" name="AcademyE2E.Webscrape" tests="1" failures="0" timestamp="9 Feb 2021 20:16:15 GMT" time="0.210" errors="0">
  <testcase name="WebScrape" time="0.210" classname="AcademyE2E.Webscrape"/>
</testsuite> <!-- AcademyE2E.Webscrape -->
