<?xml version="1.0" encoding="UTF-8"?>
<!-- Generated by org.testng.reporters.JUnitReportReporter -->
<testsuite hostname="DESKTOP-9CESD09" name="AcademyE2E.ValidateNavigation" tests="1" failures="0" timestamp="5 Feb 2021 16:24:21 GMT" time="0.131" errors="0">
  <testcase name="Validate_Navigation" time="0.131" classname="AcademyE2E.ValidateNavigation"/>
</testsuite> <!-- AcademyE2E.ValidateNavigation -->
