<?xml version="1.0" encoding="UTF-8"?>
<!-- Generated by org.testng.reporters.JUnitReportReporter -->
<testsuite hostname="DESKTOP-9CESD09" name="AcademyE2E.Validatetitle" tests="1" failures="0" timestamp="5 Feb 2021 16:24:21 GMT" time="0.040" errors="0">
  <testcase name="validate_title" time="0.040" classname="AcademyE2E.Validatetitle"/>
</testsuite> <!-- AcademyE2E.Validatetitle -->
